

processing file: 103_Waldron_PublicData.Rmd
Loading required package: Biobase
Loading required package: BiocGenerics
Loading required package: parallel

Attaching package: 'BiocGenerics'

The following objects are masked from 'package:parallel':

    clusterApply, clusterApplyLB, clusterCall, clusterEvalQ,
    clusterExport, clusterMap, parApply, parCapply, parLapply,
    parLapplyLB, parRapply, parSapply, parSapplyLB

The following objects are masked from 'package:stats':

    IQR, mad, sd, var, xtabs

The following objects are masked from 'package:base':

    anyDuplicated, append, as.data.frame, basename, cbind,
    colMeans, colnames, colSums, dirname, do.call, duplicated,
    eval, evalq, Filter, Find, get, grep, grepl, intersect,
    is.unsorted, lapply, lengths, Map, mapply, match, mget, order,
    paste, pmax, pmax.int, pmin, pmin.int, Position, rank, rbind,
    Reduce, rowMeans, rownames, rowSums, sapply, setdiff, sort,
    table, tapply, union, unique, unsplit, which, which.max,
    which.min

Welcome to Bioconductor

    Vignettes contain introductory material; view with
    'browseVignettes()'. To cite Bioconductor, see
    'citation("Biobase")', and for packages 'citation("pkgname")'.

Setting options('download.file.method.GEOquery'='auto')
Setting options('GEOquery.inmemory.gpl'=FALSE)
Found 1 file(s)
GSE103512_series_matrix.txt.gz
trying URL 'https://ftp.ncbi.nlm.nih.gov/geo/series/GSE103nnn/GSE103512/matrix/GSE103512_series_matrix.txt.gz'
Content type 'application/x-gzip' length 82939292 bytes (79.1 MB)
==================================================
downloaded 79.1 MB

Parsed with column specification:
cols(
  .default = col_double(),
  ID_REF = col_character()
)
See spec(...) for full column specifications.
File stored at: 
/tmp/RtmpFrsl80/GPL13158.soft
Loading required package: GenomicRanges
Loading required package: stats4
Loading required package: S4Vectors

Attaching package: 'S4Vectors'

The following object is masked from 'package:base':

    expand.grid

Loading required package: IRanges
Loading required package: GenomeInfoDb
Loading required package: DelayedArray
Loading required package: matrixStats

Attaching package: 'matrixStats'

The following objects are masked from 'package:Biobase':

    anyMissing, rowMedians

Loading required package: BiocParallel

Attaching package: 'DelayedArray'

The following objects are masked from 'package:matrixStats':

    colMaxs, colMins, colRanges, rowMaxs, rowMins, rowRanges

The following objects are masked from 'package:base':

    aperm, apply

Loading required package: magrittr

Attaching package: 'GenomicDataCommons'

The following object is masked from 'package:matrixStats':

    count

The following object is masked from 'package:S4Vectors':

    expand

The following object is masked from 'package:stats':

    filter

Quitting from lines 840-847 (103_Waldron_PublicData.Rmd) 
Error in s$collate(limit = 1000) : unused argument (limit = 1000)
Calls: <Anonymous> ... handle -> withCallingHandlers -> withVisible -> eval -> eval
Execution halted
