

processing file: 260_Safikhani_Pharmacogenomics.Rmd
trying URL 'https://www.pmgenomics.ca/bhklab/sites/default/files/downloads/PSets.csv'
Content type 'text/csv' length 1776 bytes
==================================================
downloaded 1776 bytes

trying URL 'https://www.pmgenomics.ca/bhklab/sites/default/files/downloads/PSets.csv'
Content type 'text/csv' length 1776 bytes
==================================================
downloaded 1776 bytes

trying URL 'https://www.pmgenomics.ca/bhklab/sites/default/files/downloads/PSets.csv'
Content type 'text/csv' length 1776 bytes
==================================================
downloaded 1776 bytes

trying URL 'http://www.sciencemag.org/content/suppl/2006/09/29/313.5795.1929.DC1/1132939s.zip'
Content type 'application/zip' length 167688 bytes (163 KB)
==================================================
downloaded 163 KB

Quitting from lines 402-445 (260_Safikhani_Pharmacogenomics.Rmd) 
Error in AnnotationDbi::select(hgu133a.db, keys = c(HDAC_up[[1]], HDAC_down[[1]]),  : 
  object 'hgu133a.db' not found
Calls: <Anonymous> ... withCallingHandlers -> withVisible -> eval -> eval -> <Anonymous>
Execution halted
