

processing file: 500_Effectively_Using_the_DelayedArray_Framework.Rmd
Loading required package: SingleCellExperiment
Loading required package: SummarizedExperiment
Loading required package: GenomicRanges
Loading required package: stats4
Loading required package: BiocGenerics
Loading required package: parallel

Attaching package: 'BiocGenerics'

The following objects are masked from 'package:parallel':

    clusterApply, clusterApplyLB, clusterCall, clusterEvalQ,
    clusterExport, clusterMap, parApply, parCapply, parLapply,
    parLapplyLB, parRapply, parSapply, parSapplyLB

The following objects are masked from 'package:stats':

    IQR, mad, sd, var, xtabs

The following objects are masked from 'package:base':

    anyDuplicated, append, as.data.frame, basename, cbind,
    colMeans, colnames, colSums, dirname, do.call, duplicated,
    eval, evalq, Filter, Find, get, grep, grepl, intersect,
    is.unsorted, lapply, lengths, Map, mapply, match, mget, order,
    paste, pmax, pmax.int, pmin, pmin.int, Position, rank, rbind,
    Reduce, rowMeans, rownames, rowSums, sapply, setdiff, sort,
    table, tapply, union, unique, unsplit, which, which.max,
    which.min

Loading required package: S4Vectors

Attaching package: 'S4Vectors'

The following object is masked from 'package:base':

    expand.grid

Loading required package: IRanges
Loading required package: GenomeInfoDb
Loading required package: Biobase
Welcome to Bioconductor

    Vignettes contain introductory material; view with
    'browseVignettes()'. To cite Bioconductor, see
    'citation("Biobase")', and for packages 'citation("pkgname")'.

Loading required package: DelayedArray
Loading required package: matrixStats

Attaching package: 'matrixStats'

The following objects are masked from 'package:Biobase':

    anyMissing, rowMedians

Loading required package: BiocParallel

Attaching package: 'DelayedArray'

The following objects are masked from 'package:matrixStats':

    colMaxs, colMins, colRanges, rowMaxs, rowMins, rowRanges

The following objects are masked from 'package:base':

    aperm, apply

Loading required package: HDF5Array
Loading required package: rhdf5
snapshotDate(): 2018-07-17
see ?TENxBrainData and browseVignettes('TENxBrainData') for documentation
downloading 0 resources
loading from cache 
    '/home/lwaldron//.ExperimentHub/1042'

Attaching package: 'tidygraph'

The following objects are masked from 'package:IRanges':

    active, slice

The following objects are masked from 'package:S4Vectors':

    active, rename

The following object is masked from 'package:stats':

    filter

Loading required package: ggplot2
Quitting from lines 662-675 (500_Effectively_Using_the_DelayedArray_Framework.Rmd) 
Error in library(h5vcData) : there is no package called 'h5vcData'
Calls: <Anonymous> ... withCallingHandlers -> withVisible -> eval -> eval -> library
Execution halted
