

processing file: Waldron_PublicData.Rmd
Loading required package: Biobase
Loading required package: BiocGenerics
Loading required package: parallel

Attaching package: 'BiocGenerics'

The following objects are masked from 'package:parallel':

    clusterApply, clusterApplyLB, clusterCall, clusterEvalQ,
    clusterExport, clusterMap, parApply, parCapply, parLapply,
    parLapplyLB, parRapply, parSapply, parSapplyLB

The following objects are masked from 'package:stats':

    IQR, mad, sd, var, xtabs

The following objects are masked from 'package:base':

    anyDuplicated, append, as.data.frame, basename, cbind,
    colMeans, colnames, colSums, dirname, do.call, duplicated,
    eval, evalq, Filter, Find, get, grep, grepl, intersect,
    is.unsorted, lapply, lengths, Map, mapply, match, mget, order,
    paste, pmax, pmax.int, pmin, pmin.int, Position, rank, rbind,
    Reduce, rowMeans, rownames, rowSums, sapply, setdiff, sort,
    table, tapply, union, unique, unsplit, which, which.max,
    which.min

Welcome to Bioconductor

    Vignettes contain introductory material; view with
    'browseVignettes()'. To cite Bioconductor, see
    'citation("Biobase")', and for packages 'citation("pkgname")'.

Setting options('download.file.method.GEOquery'='auto')
Setting options('GEOquery.inmemory.gpl'=FALSE)
Found 1 file(s)
GSE103512_series_matrix.txt.gz
trying URL 'https://ftp.ncbi.nlm.nih.gov/geo/series/GSE103nnn/GSE103512/matrix/GSE103512_series_matrix.txt.gz'
Content type 'application/x-gzip' length 82939292 bytes (79.1 MB)
==================================================
downloaded 79.1 MB

Parsed with column specification:
cols(
  .default = col_double(),
  ID_REF = col_character()
)
See spec(...) for full column specifications.
File stored at: 
/tmp/RtmpW0FUyF/GPL13158.soft
Loading required package: GenomicRanges
Loading required package: stats4
Loading required package: S4Vectors

Attaching package: 'S4Vectors'

The following object is masked from 'package:base':

    expand.grid

Loading required package: IRanges
Loading required package: GenomeInfoDb
Loading required package: DelayedArray
Loading required package: matrixStats

Attaching package: 'matrixStats'

The following objects are masked from 'package:Biobase':

    anyMissing, rowMedians

Loading required package: BiocParallel

Attaching package: 'DelayedArray'

The following objects are masked from 'package:matrixStats':

    colMaxs, colMins, colRanges, rowMaxs, rowMins, rowRanges

The following objects are masked from 'package:base':

    aperm, apply

Loading required package: magrittr

Attaching package: 'GenomicDataCommons'

The following object is masked from 'package:matrixStats':

    count

The following object is masked from 'package:S4Vectors':

    expand

The following object is masked from 'package:stats':

    filter

--------------------------------------
o GDCquery: Searching in GDC database
--------------------------------------
Genome of reference: hg19
--------------------------------------------
oo Accessing GDC. This might take a while...
--------------------------------------------
ooo Project: TCGA-ACC
--------------------
oo Filtering results
--------------------
ooo By platform
ooo By experimental.strategy
ooo By data.type
ooo By file.type
----------------
oo Checking data
----------------
ooo Check if there are duplicated cases
ooo Check if there results for the query
-------------------
o Preparing output
-------------------
Downloading data for project TCGA-ACC
GDCdownload will download 79 files. A total of 34.286371 MB
Downloading chunk 1 of 8 (10 files, size = 4.339362 MB) as Sat_Jul_14_17_12_47_2018_0.tar.gz
Downloading chunk 2 of 8 (10 files, size = 4.338631 MB) as Sat_Jul_14_17_12_47_2018_1.tar.gz
Downloading chunk 3 of 8 (10 files, size = 4.342654 MB) as Sat_Jul_14_17_12_47_2018_2.tar.gz
Downloading chunk 4 of 8 (10 files, size = 4.341223 MB) as Sat_Jul_14_17_12_47_2018_3.tar.gz
Downloading chunk 5 of 8 (10 files, size = 4.337931 MB) as Sat_Jul_14_17_12_47_2018_4.tar.gz
Downloading chunk 6 of 8 (10 files, size = 4.33881 MB) as Sat_Jul_14_17_12_47_2018_5.tar.gz
Downloading chunk 7 of 8 (10 files, size = 4.340974 MB) as Sat_Jul_14_17_12_47_2018_6.tar.gz
Downloading chunk 8 of 8 (9 files, size = 3.906786 MB) as Sat_Jul_14_17_12_47_2018_7.tar.gz
Downloading genome information (try:0) Using: Homo sapiens genes (GRCh37.p13)
Starting to add information to samples
 => Add clinical information to samples
Add FFPE information. More information at: 
=> https://cancergenome.nih.gov/cancersselected/biospeccriteria 
=> http://gdac.broadinstitute.org/runs/sampleReports/latest/FPPP_FFPE_Cases.html
 => Adding subtype information to samples
acc subtype information from:doi:10.1016/j.ccell.2016.04.002
snapshotDate(): 2018-06-29
snapshotDate(): 2018-06-29
see ?curatedTCGAData and browseVignettes('curatedTCGAData') for documentation
downloading 0 resources
loading from cache 
    '/home/lwaldron//.ExperimentHub/567'
snapshotDate(): 2018-06-29
see ?curatedTCGAData and browseVignettes('curatedTCGAData') for documentation
downloading 0 resources
loading from cache 
    '/home/lwaldron//.ExperimentHub/568'
snapshotDate(): 2018-06-29
see ?curatedTCGAData and browseVignettes('curatedTCGAData') for documentation
downloading 0 resources
loading from cache 
    '/home/lwaldron//.ExperimentHub/560'
snapshotDate(): 2018-06-29
see ?curatedTCGAData and browseVignettes('curatedTCGAData') for documentation
downloading 0 resources
loading from cache 
    '/home/lwaldron//.ExperimentHub/563'
snapshotDate(): 2018-06-29
see ?curatedTCGAData and browseVignettes('curatedTCGAData') for documentation
downloading 0 resources
loading from cache 
    '/home/lwaldron//.ExperimentHub/569'
harmonizing input:
  removing 790 sampleMap rows not in names(experiments)
  removing 13 colData rownames not in sampleMap 'primary'
trying URL 'http://duffel.rail.bio/recount/v2/SRP009615/rse_gene.Rdata'
Content type 'application/octet-stream' length 3130229 bytes (3.0 MB)
==================================================
downloaded 3.0 MB

Failed with error:  'there is no package called 'phyloseq''
Quitting from lines 954-955 (Waldron_PublicData.Rmd) 
Error in ExpressionSet2phyloseq(esl[[1]], phylogenetictree = TRUE) : 
  Please install the 'phyloseq' package to make phyloseq objects
Calls: <Anonymous> ... withVisible -> eval -> eval -> ExpressionSet2phyloseq
Execution halted
